<?xml version="1.0" encoding="UTF-8"?>
<!-- Generated by org.testng.reporters.JUnitXMLReporter -->
<testsuite ignored="1" hostname="IN1-1030205LT" failures="0" tests="1" name="Default test" time="31.235" errors="0" timestamp="2022-08-10T16:31:07 IST">
  <testcase classname="com.cl.qa.testcases.LoginTest" name="homepage_test" time="22.136"/>
  <testcase classname="com.cl.qa.testcases.LoginTest" name="pagetitle" time="0.0">
    <ignored/>
  </testcase> <!-- pagetitle -->
</testsuite> <!-- Default test -->
