<?xml version="1.0" encoding="UTF-8"?>
<!-- Generated by org.testng.reporters.JUnitXMLReporter -->
<testsuite ignored="1" hostname="IN1-1030205LT" failures="0" tests="7" name="Test" time="87.173" errors="0" timestamp="2022-08-10T18:16:59 IST">
  <testcase classname="com.cl.qa.testcases.SignUpTest" name="clickonsignup" time="0.149"/>
  <testcase classname="com.cl.qa.testcases.SignUpTest" name="Enter_personalinfo" time="15.217"/>
  <testcase classname="com.cl.qa.testcases.SignUpTest" name="BillingAddress" time="6.921"/>
  <testcase classname="com.cl.qa.testcases.SignUpTest" name="Account_security_test" time="4.891"/>
  <testcase classname="com.cl.qa.testcases.SignUpTest" name="join_mailinglist_test" time="0.055"/>
  <testcase classname="com.cl.qa.testcases.SignUpTest" name="register_test" time="10.245"/>
  <testcase classname="com.cl.qa.testcases.LoginTest" name="homepage_test" time="23.819"/>
  <testcase classname="com.cl.qa.testcases.LoginTest" name="pagetitle" time="0.0">
    <ignored/>
  </testcase> <!-- pagetitle -->
</testsuite> <!-- Test -->
