<?xml version="1.0" encoding="UTF-8"?>
<testng-results ignored="0" total="2" passed="2" failed="0" skipped="0">
  <reporter-output>
  </reporter-output>
  <suite started-at="2022-02-12T20:46:21 IST" name="Default suite" finished-at="2022-02-12T20:46:33 IST" duration-ms="11822">
    <groups>
    </groups>
    <test started-at="2022-02-12T20:46:21 IST" name="Default test" finished-at="2022-02-12T20:46:33 IST" duration-ms="11822">
      <class name="com.cl.qa.testcases.LoginTest">
        <test-method is-config="true" signature="setUp()[pri:0, instance:com.cl.qa.testcases.LoginTest@169e6180]" started-at="2022-02-12T20:46:21 IST" name="setUp" finished-at="2022-02-12T20:46:26 IST" duration-ms="5354" status="PASS">
          <reporter-output>
          </reporter-output>
        </test-method> <!-- setUp -->
        <test-method signature="CheckUserNamePassword()[pri:1, instance:com.cl.qa.testcases.LoginTest@169e6180]" started-at="2022-02-12T20:46:26 IST" name="CheckUserNamePassword" finished-at="2022-02-12T20:46:28 IST" duration-ms="1738" status="PASS">
          <reporter-output>
          </reporter-output>
        </test-method> <!-- CheckUserNamePassword -->
        <test-method is-config="true" signature="teardown()[pri:0, instance:com.cl.qa.testcases.LoginTest@169e6180]" started-at="2022-02-12T20:46:28 IST" name="teardown" finished-at="2022-02-12T20:46:28 IST" duration-ms="178" status="PASS">
          <reporter-output>
          </reporter-output>
        </test-method> <!-- teardown -->
        <test-method is-config="true" signature="setUp()[pri:0, instance:com.cl.qa.testcases.LoginTest@169e6180]" started-at="2022-02-12T20:46:28 IST" name="setUp" finished-at="2022-02-12T20:46:33 IST" duration-ms="4360" status="PASS">
          <reporter-output>
          </reporter-output>
        </test-method> <!-- setUp -->
        <test-method signature="loginpagetitle()[pri:2, instance:com.cl.qa.testcases.LoginTest@169e6180]" started-at="2022-02-12T20:46:33 IST" name="loginpagetitle" finished-at="2022-02-12T20:46:33 IST" duration-ms="7" status="PASS">
          <reporter-output>
          </reporter-output>
        </test-method> <!-- loginpagetitle -->
        <test-method is-config="true" signature="teardown()[pri:0, instance:com.cl.qa.testcases.LoginTest@169e6180]" started-at="2022-02-12T20:46:33 IST" name="teardown" finished-at="2022-02-12T20:46:33 IST" duration-ms="153" status="PASS">
          <reporter-output>
          </reporter-output>
        </test-method> <!-- teardown -->
      </class> <!-- com.cl.qa.testcases.LoginTest -->
    </test> <!-- Default test -->
  </suite> <!-- Default suite -->
</testng-results>
