<?xml version="1.0" encoding="UTF-8"?>
<!-- Generated by org.testng.reporters.JUnitXMLReporter -->
<testsuite hostname="IN1-1030205LT" ignored="1" name="Test" tests="3" failures="0" timestamp="10 Aug 2022 13:06:59 GMT" time="65.292" errors="0">
  <testcase name="clickonsignup" time="0.171" classname="com.cl.qa.testcases.SignUpTest"/>
  <testcase name="Enter_personalinfo" time="13.974" classname="com.cl.qa.testcases.SignUpTest"/>
  <testcase name="homepage_test" time="24.599" classname="com.cl.qa.testcases.LoginTest"/>
  <testcase name="pagetitle" time="0.0" classname="com.cl.qa.testcases.LoginTest">
    <ignored/>
  </testcase> <!-- pagetitle -->
</testsuite> <!-- Test -->
